CRITICAL - 2020-08-11 04:48:38 --> Unable to connect to the database.
#0 C:\xampp\htdocs\FerrariSerrano\system\Database\BaseConnection.php(646): CodeIgniter\Database\BaseConnection->initialize()
#1 C:\xampp\htdocs\FerrariSerrano\system\Database\BaseBuilder.php(2019): CodeIgniter\Database\BaseConnection->query('SELECT *\nFROM `...', Array, false)
#2 C:\xampp\htdocs\FerrariSerrano\system\Model.php(1818): CodeIgniter\Database\BaseBuilder->getWhere(Array)
#3 C:\xampp\htdocs\FerrariSerrano\app\Models\BiTModel.php(22): CodeIgniter\Model->__call('getWhere', Array)
#4 C:\xampp\htdocs\FerrariSerrano\app\Controllers\Client\Home.php(28): App\Models\BiTModel->get(Array)
#5 C:\xampp\htdocs\FerrariSerrano\system\CodeIgniter.php(918): App\Controllers\Client\Home->attemptLogin()
#6 C:\xampp\htdocs\FerrariSerrano\system\CodeIgniter.php(404): CodeIgniter\CodeIgniter->runController(Object(App\Controllers\Client\Home))
#7 C:\xampp\htdocs\FerrariSerrano\system\CodeIgniter.php(312): CodeIgniter\CodeIgniter->handleRequest(NULL, Object(Config\Cache), false)
#8 C:\xampp\htdocs\FerrariSerrano\index.php(44): CodeIgniter\CodeIgniter->run()
#9 {main}
CRITICAL - 2020-08-11 04:52:19 --> Unable to connect to the database.
#0 C:\xampp\htdocs\FerrariSerrano\system\Database\BaseConnection.php(646): CodeIgniter\Database\BaseConnection->initialize()
#1 C:\xampp\htdocs\FerrariSerrano\system\Database\BaseBuilder.php(2019): CodeIgniter\Database\BaseConnection->query('SELECT *\nFROM `...', Array, false)
#2 C:\xampp\htdocs\FerrariSerrano\system\Model.php(1818): CodeIgniter\Database\BaseBuilder->getWhere(Array)
#3 C:\xampp\htdocs\FerrariSerrano\app\Models\BiTModel.php(22): CodeIgniter\Model->__call('getWhere', Array)
#4 C:\xampp\htdocs\FerrariSerrano\app\Controllers\Client\Home.php(28): App\Models\BiTModel->get(Array)
#5 C:\xampp\htdocs\FerrariSerrano\system\CodeIgniter.php(918): App\Controllers\Client\Home->attemptLogin()
#6 C:\xampp\htdocs\FerrariSerrano\system\CodeIgniter.php(404): CodeIgniter\CodeIgniter->runController(Object(App\Controllers\Client\Home))
#7 C:\xampp\htdocs\FerrariSerrano\system\CodeIgniter.php(312): CodeIgniter\CodeIgniter->handleRequest(NULL, Object(Config\Cache), false)
#8 C:\xampp\htdocs\FerrariSerrano\index.php(44): CodeIgniter\CodeIgniter->run()
#9 {main}
CRITICAL - 2020-08-11 04:55:09 --> Unable to connect to the database.
#0 C:\xampp\htdocs\FerrariSerrano\system\Database\BaseConnection.php(646): CodeIgniter\Database\BaseConnection->initialize()
#1 C:\xampp\htdocs\FerrariSerrano\system\Database\BaseBuilder.php(2019): CodeIgniter\Database\BaseConnection->query('SELECT *\nFROM `...', Array, false)
#2 C:\xampp\htdocs\FerrariSerrano\system\Model.php(1818): CodeIgniter\Database\BaseBuilder->getWhere(Array)
#3 C:\xampp\htdocs\FerrariSerrano\app\Models\BiTModel.php(22): CodeIgniter\Model->__call('getWhere', Array)
#4 C:\xampp\htdocs\FerrariSerrano\app\Controllers\Client\Home.php(28): App\Models\BiTModel->get(Array)
#5 C:\xampp\htdocs\FerrariSerrano\system\CodeIgniter.php(918): App\Controllers\Client\Home->attemptLogin()
#6 C:\xampp\htdocs\FerrariSerrano\system\CodeIgniter.php(404): CodeIgniter\CodeIgniter->runController(Object(App\Controllers\Client\Home))
#7 C:\xampp\htdocs\FerrariSerrano\system\CodeIgniter.php(312): CodeIgniter\CodeIgniter->handleRequest(NULL, Object(Config\Cache), false)
#8 C:\xampp\htdocs\FerrariSerrano\index.php(44): CodeIgniter\CodeIgniter->run()
#9 {main}
CRITICAL - 2020-08-11 04:55:29 --> Unable to connect to the database.
#0 C:\xampp\htdocs\FerrariSerrano\system\Database\BaseConnection.php(646): CodeIgniter\Database\BaseConnection->initialize()
#1 C:\xampp\htdocs\FerrariSerrano\system\Database\BaseBuilder.php(2019): CodeIgniter\Database\BaseConnection->query('SELECT *\nFROM `...', Array, false)
#2 C:\xampp\htdocs\FerrariSerrano\system\Model.php(1818): CodeIgniter\Database\BaseBuilder->getWhere(Array)
#3 C:\xampp\htdocs\FerrariSerrano\app\Models\BiTModel.php(22): CodeIgniter\Model->__call('getWhere', Array)
#4 C:\xampp\htdocs\FerrariSerrano\app\Controllers\Client\Home.php(28): App\Models\BiTModel->get(Array)
#5 C:\xampp\htdocs\FerrariSerrano\system\CodeIgniter.php(918): App\Controllers\Client\Home->attemptLogin()
#6 C:\xampp\htdocs\FerrariSerrano\system\CodeIgniter.php(404): CodeIgniter\CodeIgniter->runController(Object(App\Controllers\Client\Home))
#7 C:\xampp\htdocs\FerrariSerrano\system\CodeIgniter.php(312): CodeIgniter\CodeIgniter->handleRequest(NULL, Object(Config\Cache), false)
#8 C:\xampp\htdocs\FerrariSerrano\index.php(44): CodeIgniter\CodeIgniter->run()
#9 {main}
CRITICAL - 2020-08-11 04:55:32 --> Unable to connect to the database.
#0 C:\xampp\htdocs\FerrariSerrano\system\Database\BaseConnection.php(646): CodeIgniter\Database\BaseConnection->initialize()
#1 C:\xampp\htdocs\FerrariSerrano\system\Database\BaseBuilder.php(2019): CodeIgniter\Database\BaseConnection->query('SELECT *\nFROM `...', Array, false)
#2 C:\xampp\htdocs\FerrariSerrano\system\Model.php(1818): CodeIgniter\Database\BaseBuilder->getWhere(Array)
#3 C:\xampp\htdocs\FerrariSerrano\app\Models\BiTModel.php(22): CodeIgniter\Model->__call('getWhere', Array)
#4 C:\xampp\htdocs\FerrariSerrano\app\Controllers\Client\Home.php(28): App\Models\BiTModel->get(Array)
#5 C:\xampp\htdocs\FerrariSerrano\system\CodeIgniter.php(918): App\Controllers\Client\Home->attemptLogin()
#6 C:\xampp\htdocs\FerrariSerrano\system\CodeIgniter.php(404): CodeIgniter\CodeIgniter->runController(Object(App\Controllers\Client\Home))
#7 C:\xampp\htdocs\FerrariSerrano\system\CodeIgniter.php(312): CodeIgniter\CodeIgniter->handleRequest(NULL, Object(Config\Cache), false)
#8 C:\xampp\htdocs\FerrariSerrano\index.php(44): CodeIgniter\CodeIgniter->run()
#9 {main}
CRITICAL - 2020-08-11 04:59:05 --> Unable to connect to the database.
#0 C:\xampp\htdocs\FerrariSerrano\system\Database\BaseConnection.php(646): CodeIgniter\Database\BaseConnection->initialize()
#1 C:\xampp\htdocs\FerrariSerrano\system\Database\BaseBuilder.php(2019): CodeIgniter\Database\BaseConnection->query('SELECT *\nFROM `...', Array, false)
#2 C:\xampp\htdocs\FerrariSerrano\system\Model.php(1818): CodeIgniter\Database\BaseBuilder->getWhere(Array)
#3 C:\xampp\htdocs\FerrariSerrano\app\Models\BiTModel.php(22): CodeIgniter\Model->__call('getWhere', Array)
#4 C:\xampp\htdocs\FerrariSerrano\app\Controllers\Client\Home.php(28): App\Models\BiTModel->get(Array)
#5 C:\xampp\htdocs\FerrariSerrano\system\CodeIgniter.php(918): App\Controllers\Client\Home->attemptLogin()
#6 C:\xampp\htdocs\FerrariSerrano\system\CodeIgniter.php(404): CodeIgniter\CodeIgniter->runController(Object(App\Controllers\Client\Home))
#7 C:\xampp\htdocs\FerrariSerrano\system\CodeIgniter.php(312): CodeIgniter\CodeIgniter->handleRequest(NULL, Object(Config\Cache), false)
#8 C:\xampp\htdocs\FerrariSerrano\index.php(44): CodeIgniter\CodeIgniter->run()
#9 {main}
CRITICAL - 2020-08-11 05:01:33 --> Unable to connect to the database.
#0 C:\xampp\htdocs\FerrariSerrano\system\Database\BaseConnection.php(646): CodeIgniter\Database\BaseConnection->initialize()
#1 C:\xampp\htdocs\FerrariSerrano\system\Database\BaseBuilder.php(2019): CodeIgniter\Database\BaseConnection->query('SELECT *\nFROM `...', Array, false)
#2 C:\xampp\htdocs\FerrariSerrano\system\Model.php(1818): CodeIgniter\Database\BaseBuilder->getWhere(Array)
#3 C:\xampp\htdocs\FerrariSerrano\app\Models\BiTModel.php(22): CodeIgniter\Model->__call('getWhere', Array)
#4 C:\xampp\htdocs\FerrariSerrano\app\Controllers\Client\Home.php(28): App\Models\BiTModel->get(Array)
#5 C:\xampp\htdocs\FerrariSerrano\system\CodeIgniter.php(918): App\Controllers\Client\Home->attemptLogin()
#6 C:\xampp\htdocs\FerrariSerrano\system\CodeIgniter.php(404): CodeIgniter\CodeIgniter->runController(Object(App\Controllers\Client\Home))
#7 C:\xampp\htdocs\FerrariSerrano\system\CodeIgniter.php(312): CodeIgniter\CodeIgniter->handleRequest(NULL, Object(Config\Cache), false)
#8 C:\xampp\htdocs\FerrariSerrano\index.php(44): CodeIgniter\CodeIgniter->run()
#9 {main}
CRITICAL - 2020-08-11 05:01:51 --> Unable to connect to the database.
#0 C:\xampp\htdocs\FerrariSerrano\system\Database\BaseConnection.php(646): CodeIgniter\Database\BaseConnection->initialize()
#1 C:\xampp\htdocs\FerrariSerrano\system\Database\BaseBuilder.php(2019): CodeIgniter\Database\BaseConnection->query('SELECT *\nFROM `...', Array, false)
#2 C:\xampp\htdocs\FerrariSerrano\system\Model.php(1818): CodeIgniter\Database\BaseBuilder->getWhere(Array)
#3 C:\xampp\htdocs\FerrariSerrano\app\Models\BiTModel.php(22): CodeIgniter\Model->__call('getWhere', Array)
#4 C:\xampp\htdocs\FerrariSerrano\app\Controllers\Client\Home.php(28): App\Models\BiTModel->get(Array)
#5 C:\xampp\htdocs\FerrariSerrano\system\CodeIgniter.php(918): App\Controllers\Client\Home->attemptLogin()
#6 C:\xampp\htdocs\FerrariSerrano\system\CodeIgniter.php(404): CodeIgniter\CodeIgniter->runController(Object(App\Controllers\Client\Home))
#7 C:\xampp\htdocs\FerrariSerrano\system\CodeIgniter.php(312): CodeIgniter\CodeIgniter->handleRequest(NULL, Object(Config\Cache), false)
#8 C:\xampp\htdocs\FerrariSerrano\index.php(44): CodeIgniter\CodeIgniter->run()
#9 {main}
CRITICAL - 2020-08-11 05:03:54 --> Unable to connect to the database.
#0 C:\xampp\htdocs\FerrariSerrano\system\Database\BaseConnection.php(646): CodeIgniter\Database\BaseConnection->initialize()
#1 C:\xampp\htdocs\FerrariSerrano\system\Database\BaseBuilder.php(2019): CodeIgniter\Database\BaseConnection->query('SELECT *\nFROM `...', Array, false)
#2 C:\xampp\htdocs\FerrariSerrano\system\Model.php(1818): CodeIgniter\Database\BaseBuilder->getWhere(Array)
#3 C:\xampp\htdocs\FerrariSerrano\app\Models\BiTModel.php(22): CodeIgniter\Model->__call('getWhere', Array)
#4 C:\xampp\htdocs\FerrariSerrano\app\Controllers\Client\Home.php(28): App\Models\BiTModel->get(Array)
#5 C:\xampp\htdocs\FerrariSerrano\system\CodeIgniter.php(918): App\Controllers\Client\Home->attemptLogin()
#6 C:\xampp\htdocs\FerrariSerrano\system\CodeIgniter.php(404): CodeIgniter\CodeIgniter->runController(Object(App\Controllers\Client\Home))
#7 C:\xampp\htdocs\FerrariSerrano\system\CodeIgniter.php(312): CodeIgniter\CodeIgniter->handleRequest(NULL, Object(Config\Cache), false)
#8 C:\xampp\htdocs\FerrariSerrano\index.php(44): CodeIgniter\CodeIgniter->run()
#9 {main}
CRITICAL - 2020-08-11 05:06:32 --> Unable to connect to the database.
#0 C:\xampp\htdocs\FerrariSerrano\system\Database\BaseConnection.php(646): CodeIgniter\Database\BaseConnection->initialize()
#1 C:\xampp\htdocs\FerrariSerrano\system\Database\BaseBuilder.php(2019): CodeIgniter\Database\BaseConnection->query('SELECT *\nFROM `...', Array, false)
#2 C:\xampp\htdocs\FerrariSerrano\system\Model.php(1818): CodeIgniter\Database\BaseBuilder->getWhere(Array)
#3 C:\xampp\htdocs\FerrariSerrano\app\Models\BiTModel.php(22): CodeIgniter\Model->__call('getWhere', Array)
#4 C:\xampp\htdocs\FerrariSerrano\app\Controllers\Client\Home.php(28): App\Models\BiTModel->get(Array)
#5 C:\xampp\htdocs\FerrariSerrano\system\CodeIgniter.php(918): App\Controllers\Client\Home->attemptLogin()
#6 C:\xampp\htdocs\FerrariSerrano\system\CodeIgniter.php(404): CodeIgniter\CodeIgniter->runController(Object(App\Controllers\Client\Home))
#7 C:\xampp\htdocs\FerrariSerrano\system\CodeIgniter.php(312): CodeIgniter\CodeIgniter->handleRequest(NULL, Object(Config\Cache), false)
#8 C:\xampp\htdocs\FerrariSerrano\index.php(44): CodeIgniter\CodeIgniter->run()
#9 {main}
CRITICAL - 2020-08-11 05:07:00 --> Unable to connect to the database.
#0 C:\xampp\htdocs\FerrariSerrano\system\Database\BaseConnection.php(646): CodeIgniter\Database\BaseConnection->initialize()
#1 C:\xampp\htdocs\FerrariSerrano\system\Database\BaseBuilder.php(2019): CodeIgniter\Database\BaseConnection->query('SELECT *\nFROM `...', Array, false)
#2 C:\xampp\htdocs\FerrariSerrano\system\Model.php(1818): CodeIgniter\Database\BaseBuilder->getWhere(Array)
#3 C:\xampp\htdocs\FerrariSerrano\app\Models\BiTModel.php(22): CodeIgniter\Model->__call('getWhere', Array)
#4 C:\xampp\htdocs\FerrariSerrano\app\Controllers\Client\Home.php(28): App\Models\BiTModel->get(Array)
#5 C:\xampp\htdocs\FerrariSerrano\system\CodeIgniter.php(918): App\Controllers\Client\Home->attemptLogin()
#6 C:\xampp\htdocs\FerrariSerrano\system\CodeIgniter.php(404): CodeIgniter\CodeIgniter->runController(Object(App\Controllers\Client\Home))
#7 C:\xampp\htdocs\FerrariSerrano\system\CodeIgniter.php(312): CodeIgniter\CodeIgniter->handleRequest(NULL, Object(Config\Cache), false)
#8 C:\xampp\htdocs\FerrariSerrano\index.php(44): CodeIgniter\CodeIgniter->run()
#9 {main}
CRITICAL - 2020-08-11 05:08:00 --> Unable to connect to the database.
#0 C:\xampp\htdocs\FerrariSerrano\system\Database\BaseConnection.php(646): CodeIgniter\Database\BaseConnection->initialize()
#1 C:\xampp\htdocs\FerrariSerrano\system\Database\BaseBuilder.php(2019): CodeIgniter\Database\BaseConnection->query('SELECT *\nFROM `...', Array, false)
#2 C:\xampp\htdocs\FerrariSerrano\system\Model.php(1818): CodeIgniter\Database\BaseBuilder->getWhere(Array)
#3 C:\xampp\htdocs\FerrariSerrano\app\Models\BiTModel.php(23): CodeIgniter\Model->__call('getWhere', Array)
#4 C:\xampp\htdocs\FerrariSerrano\app\Controllers\Client\Home.php(28): App\Models\BiTModel->get(Array)
#5 C:\xampp\htdocs\FerrariSerrano\system\CodeIgniter.php(918): App\Controllers\Client\Home->attemptLogin()
#6 C:\xampp\htdocs\FerrariSerrano\system\CodeIgniter.php(404): CodeIgniter\CodeIgniter->runController(Object(App\Controllers\Client\Home))
#7 C:\xampp\htdocs\FerrariSerrano\system\CodeIgniter.php(312): CodeIgniter\CodeIgniter->handleRequest(NULL, Object(Config\Cache), false)
#8 C:\xampp\htdocs\FerrariSerrano\index.php(44): CodeIgniter\CodeIgniter->run()
#9 {main}
CRITICAL - 2020-08-11 05:08:05 --> Unable to connect to the database.
#0 C:\xampp\htdocs\FerrariSerrano\system\Database\BaseConnection.php(646): CodeIgniter\Database\BaseConnection->initialize()
#1 C:\xampp\htdocs\FerrariSerrano\system\Database\BaseBuilder.php(2019): CodeIgniter\Database\BaseConnection->query('SELECT *\nFROM `...', Array, false)
#2 C:\xampp\htdocs\FerrariSerrano\system\Model.php(1818): CodeIgniter\Database\BaseBuilder->getWhere(Array)
#3 C:\xampp\htdocs\FerrariSerrano\app\Models\BiTModel.php(22): CodeIgniter\Model->__call('getWhere', Array)
#4 C:\xampp\htdocs\FerrariSerrano\app\Controllers\Client\Home.php(28): App\Models\BiTModel->get(Array)
#5 C:\xampp\htdocs\FerrariSerrano\system\CodeIgniter.php(918): App\Controllers\Client\Home->attemptLogin()
#6 C:\xampp\htdocs\FerrariSerrano\system\CodeIgniter.php(404): CodeIgniter\CodeIgniter->runController(Object(App\Controllers\Client\Home))
#7 C:\xampp\htdocs\FerrariSerrano\system\CodeIgniter.php(312): CodeIgniter\CodeIgniter->handleRequest(NULL, Object(Config\Cache), false)
#8 C:\xampp\htdocs\FerrariSerrano\index.php(44): CodeIgniter\CodeIgniter->run()
#9 {main}
CRITICAL - 2020-08-11 05:08:15 --> Unable to connect to the database.
#0 C:\xampp\htdocs\FerrariSerrano\system\Database\BaseConnection.php(646): CodeIgniter\Database\BaseConnection->initialize()
#1 C:\xampp\htdocs\FerrariSerrano\system\Database\BaseBuilder.php(2019): CodeIgniter\Database\BaseConnection->query('SELECT *\nFROM `...', Array, false)
#2 C:\xampp\htdocs\FerrariSerrano\system\Model.php(1818): CodeIgniter\Database\BaseBuilder->getWhere(Array)
#3 C:\xampp\htdocs\FerrariSerrano\app\Models\BiTModel.php(22): CodeIgniter\Model->__call('getWhere', Array)
#4 C:\xampp\htdocs\FerrariSerrano\app\Controllers\Client\Home.php(28): App\Models\BiTModel->get(Array)
#5 C:\xampp\htdocs\FerrariSerrano\system\CodeIgniter.php(918): App\Controllers\Client\Home->attemptLogin()
#6 C:\xampp\htdocs\FerrariSerrano\system\CodeIgniter.php(404): CodeIgniter\CodeIgniter->runController(Object(App\Controllers\Client\Home))
#7 C:\xampp\htdocs\FerrariSerrano\system\CodeIgniter.php(312): CodeIgniter\CodeIgniter->handleRequest(NULL, Object(Config\Cache), false)
#8 C:\xampp\htdocs\FerrariSerrano\index.php(44): CodeIgniter\CodeIgniter->run()
#9 {main}
CRITICAL - 2020-08-11 05:08:31 --> Unable to connect to the database.
#0 C:\xampp\htdocs\FerrariSerrano\system\Database\BaseConnection.php(646): CodeIgniter\Database\BaseConnection->initialize()
#1 C:\xampp\htdocs\FerrariSerrano\system\Database\BaseBuilder.php(2019): CodeIgniter\Database\BaseConnection->query('SELECT *\nFROM `...', Array, false)
#2 C:\xampp\htdocs\FerrariSerrano\system\Model.php(1818): CodeIgniter\Database\BaseBuilder->getWhere(Array)
#3 C:\xampp\htdocs\FerrariSerrano\app\Models\BiTModel.php(22): CodeIgniter\Model->__call('getWhere', Array)
#4 C:\xampp\htdocs\FerrariSerrano\app\Controllers\Client\Home.php(28): App\Models\BiTModel->get(Array)
#5 C:\xampp\htdocs\FerrariSerrano\system\CodeIgniter.php(918): App\Controllers\Client\Home->attemptLogin()
#6 C:\xampp\htdocs\FerrariSerrano\system\CodeIgniter.php(404): CodeIgniter\CodeIgniter->runController(Object(App\Controllers\Client\Home))
#7 C:\xampp\htdocs\FerrariSerrano\system\CodeIgniter.php(312): CodeIgniter\CodeIgniter->handleRequest(NULL, Object(Config\Cache), false)
#8 C:\xampp\htdocs\FerrariSerrano\index.php(44): CodeIgniter\CodeIgniter->run()
#9 {main}
CRITICAL - 2020-08-11 05:08:45 --> Unable to connect to the database.
#0 C:\xampp\htdocs\FerrariSerrano\system\Database\BaseConnection.php(646): CodeIgniter\Database\BaseConnection->initialize()
#1 C:\xampp\htdocs\FerrariSerrano\system\Database\BaseBuilder.php(2019): CodeIgniter\Database\BaseConnection->query('SELECT *\nFROM `...', Array, false)
#2 C:\xampp\htdocs\FerrariSerrano\system\Model.php(1818): CodeIgniter\Database\BaseBuilder->getWhere(Array)
#3 C:\xampp\htdocs\FerrariSerrano\app\Models\BiTModel.php(21): CodeIgniter\Model->__call('getWhere', Array)
#4 C:\xampp\htdocs\FerrariSerrano\app\Controllers\Client\Home.php(28): App\Models\BiTModel->get(Array)
#5 C:\xampp\htdocs\FerrariSerrano\system\CodeIgniter.php(918): App\Controllers\Client\Home->attemptLogin()
#6 C:\xampp\htdocs\FerrariSerrano\system\CodeIgniter.php(404): CodeIgniter\CodeIgniter->runController(Object(App\Controllers\Client\Home))
#7 C:\xampp\htdocs\FerrariSerrano\system\CodeIgniter.php(312): CodeIgniter\CodeIgniter->handleRequest(NULL, Object(Config\Cache), false)
#8 C:\xampp\htdocs\FerrariSerrano\index.php(44): CodeIgniter\CodeIgniter->run()
#9 {main}
CRITICAL - 2020-08-11 05:09:15 --> Unable to connect to the database.
#0 C:\xampp\htdocs\FerrariSerrano\system\Database\BaseConnection.php(646): CodeIgniter\Database\BaseConnection->initialize()
#1 C:\xampp\htdocs\FerrariSerrano\system\Database\BaseBuilder.php(2019): CodeIgniter\Database\BaseConnection->query('SELECT *\nFROM `...', Array, false)
#2 C:\xampp\htdocs\FerrariSerrano\system\Model.php(1818): CodeIgniter\Database\BaseBuilder->getWhere(Array)
#3 C:\xampp\htdocs\FerrariSerrano\app\Models\BiTModel.php(21): CodeIgniter\Model->__call('getWhere', Array)
#4 C:\xampp\htdocs\FerrariSerrano\app\Controllers\Client\Home.php(28): App\Models\BiTModel->get(Array)
#5 C:\xampp\htdocs\FerrariSerrano\system\CodeIgniter.php(918): App\Controllers\Client\Home->attemptLogin()
#6 C:\xampp\htdocs\FerrariSerrano\system\CodeIgniter.php(404): CodeIgniter\CodeIgniter->runController(Object(App\Controllers\Client\Home))
#7 C:\xampp\htdocs\FerrariSerrano\system\CodeIgniter.php(312): CodeIgniter\CodeIgniter->handleRequest(NULL, Object(Config\Cache), false)
#8 C:\xampp\htdocs\FerrariSerrano\index.php(44): CodeIgniter\CodeIgniter->run()
#9 {main}
CRITICAL - 2020-08-11 05:10:03 --> Unable to connect to the database.
#0 C:\xampp\htdocs\FerrariSerrano\system\Database\BaseConnection.php(646): CodeIgniter\Database\BaseConnection->initialize()
#1 C:\xampp\htdocs\FerrariSerrano\system\Database\BaseBuilder.php(2019): CodeIgniter\Database\BaseConnection->query('SELECT *\nFROM `...', Array, false)
#2 C:\xampp\htdocs\FerrariSerrano\system\Model.php(1818): CodeIgniter\Database\BaseBuilder->getWhere(Array)
#3 C:\xampp\htdocs\FerrariSerrano\app\Models\BiTModel.php(22): CodeIgniter\Model->__call('getWhere', Array)
#4 C:\xampp\htdocs\FerrariSerrano\app\Controllers\Client\Home.php(28): App\Models\BiTModel->get(Array)
#5 C:\xampp\htdocs\FerrariSerrano\system\CodeIgniter.php(918): App\Controllers\Client\Home->attemptLogin()
#6 C:\xampp\htdocs\FerrariSerrano\system\CodeIgniter.php(404): CodeIgniter\CodeIgniter->runController(Object(App\Controllers\Client\Home))
#7 C:\xampp\htdocs\FerrariSerrano\system\CodeIgniter.php(312): CodeIgniter\CodeIgniter->handleRequest(NULL, Object(Config\Cache), false)
#8 C:\xampp\htdocs\FerrariSerrano\index.php(44): CodeIgniter\CodeIgniter->run()
#9 {main}
CRITICAL - 2020-08-11 05:10:13 --> Unable to connect to the database.
#0 C:\xampp\htdocs\FerrariSerrano\system\Database\BaseConnection.php(646): CodeIgniter\Database\BaseConnection->initialize()
#1 C:\xampp\htdocs\FerrariSerrano\system\Database\BaseBuilder.php(2019): CodeIgniter\Database\BaseConnection->query('SELECT *\nFROM `...', Array, false)
#2 C:\xampp\htdocs\FerrariSerrano\system\Model.php(1818): CodeIgniter\Database\BaseBuilder->getWhere(Array)
#3 C:\xampp\htdocs\FerrariSerrano\app\Models\BiTModel.php(21): CodeIgniter\Model->__call('getWhere', Array)
#4 C:\xampp\htdocs\FerrariSerrano\app\Controllers\Client\Home.php(28): App\Models\BiTModel->get(Array)
#5 C:\xampp\htdocs\FerrariSerrano\system\CodeIgniter.php(918): App\Controllers\Client\Home->attemptLogin()
#6 C:\xampp\htdocs\FerrariSerrano\system\CodeIgniter.php(404): CodeIgniter\CodeIgniter->runController(Object(App\Controllers\Client\Home))
#7 C:\xampp\htdocs\FerrariSerrano\system\CodeIgniter.php(312): CodeIgniter\CodeIgniter->handleRequest(NULL, Object(Config\Cache), false)
#8 C:\xampp\htdocs\FerrariSerrano\index.php(44): CodeIgniter\CodeIgniter->run()
#9 {main}
CRITICAL - 2020-08-11 05:10:44 --> Unable to connect to the database.
#0 C:\xampp\htdocs\FerrariSerrano\system\Database\BaseConnection.php(646): CodeIgniter\Database\BaseConnection->initialize()
#1 C:\xampp\htdocs\FerrariSerrano\system\Database\BaseBuilder.php(2019): CodeIgniter\Database\BaseConnection->query('SELECT *\nFROM `...', Array, false)
#2 C:\xampp\htdocs\FerrariSerrano\system\Model.php(1818): CodeIgniter\Database\BaseBuilder->getWhere(Array)
#3 C:\xampp\htdocs\FerrariSerrano\app\Models\BiTModel.php(21): CodeIgniter\Model->__call('getWhere', Array)
#4 C:\xampp\htdocs\FerrariSerrano\app\Controllers\Client\Home.php(28): App\Models\BiTModel->get(Array)
#5 C:\xampp\htdocs\FerrariSerrano\system\CodeIgniter.php(918): App\Controllers\Client\Home->attemptLogin()
#6 C:\xampp\htdocs\FerrariSerrano\system\CodeIgniter.php(404): CodeIgniter\CodeIgniter->runController(Object(App\Controllers\Client\Home))
#7 C:\xampp\htdocs\FerrariSerrano\system\CodeIgniter.php(312): CodeIgniter\CodeIgniter->handleRequest(NULL, Object(Config\Cache), false)
#8 C:\xampp\htdocs\FerrariSerrano\index.php(44): CodeIgniter\CodeIgniter->run()
#9 {main}
CRITICAL - 2020-08-11 05:10:47 --> Unable to connect to the database.
#0 C:\xampp\htdocs\FerrariSerrano\system\Database\BaseConnection.php(646): CodeIgniter\Database\BaseConnection->initialize()
#1 C:\xampp\htdocs\FerrariSerrano\system\Database\BaseBuilder.php(2019): CodeIgniter\Database\BaseConnection->query('SELECT *\nFROM `...', Array, false)
#2 C:\xampp\htdocs\FerrariSerrano\system\Model.php(1818): CodeIgniter\Database\BaseBuilder->getWhere(Array)
#3 C:\xampp\htdocs\FerrariSerrano\app\Models\BiTModel.php(21): CodeIgniter\Model->__call('getWhere', Array)
#4 C:\xampp\htdocs\FerrariSerrano\app\Controllers\Client\Home.php(28): App\Models\BiTModel->get(Array)
#5 C:\xampp\htdocs\FerrariSerrano\system\CodeIgniter.php(918): App\Controllers\Client\Home->attemptLogin()
#6 C:\xampp\htdocs\FerrariSerrano\system\CodeIgniter.php(404): CodeIgniter\CodeIgniter->runController(Object(App\Controllers\Client\Home))
#7 C:\xampp\htdocs\FerrariSerrano\system\CodeIgniter.php(312): CodeIgniter\CodeIgniter->handleRequest(NULL, Object(Config\Cache), false)
#8 C:\xampp\htdocs\FerrariSerrano\index.php(44): CodeIgniter\CodeIgniter->run()
#9 {main}
CRITICAL - 2020-08-11 05:11:03 --> Unable to connect to the database.
#0 C:\xampp\htdocs\FerrariSerrano\system\Database\BaseConnection.php(646): CodeIgniter\Database\BaseConnection->initialize()
#1 C:\xampp\htdocs\FerrariSerrano\system\Database\BaseBuilder.php(2019): CodeIgniter\Database\BaseConnection->query('SELECT *\nFROM `...', Array, false)
#2 C:\xampp\htdocs\FerrariSerrano\system\Model.php(1818): CodeIgniter\Database\BaseBuilder->getWhere()
#3 C:\xampp\htdocs\FerrariSerrano\app\Models\BiTModel.php(21): CodeIgniter\Model->__call('getWhere', Array)
#4 C:\xampp\htdocs\FerrariSerrano\app\Controllers\Client\Home.php(28): App\Models\BiTModel->get(Array)
#5 C:\xampp\htdocs\FerrariSerrano\system\CodeIgniter.php(918): App\Controllers\Client\Home->attemptLogin()
#6 C:\xampp\htdocs\FerrariSerrano\system\CodeIgniter.php(404): CodeIgniter\CodeIgniter->runController(Object(App\Controllers\Client\Home))
#7 C:\xampp\htdocs\FerrariSerrano\system\CodeIgniter.php(312): CodeIgniter\CodeIgniter->handleRequest(NULL, Object(Config\Cache), false)
#8 C:\xampp\htdocs\FerrariSerrano\index.php(44): CodeIgniter\CodeIgniter->run()
#9 {main}
CRITICAL - 2020-08-11 05:11:13 --> Too few arguments to function CodeIgniter\Database\BaseBuilder::where(), 0 passed in C:\xampp\htdocs\FerrariSerrano\system\Model.php on line 1818 and at least 1 expected
#0 C:\xampp\htdocs\FerrariSerrano\system\Model.php(1818): CodeIgniter\Database\BaseBuilder->where()
#1 C:\xampp\htdocs\FerrariSerrano\app\Models\BiTModel.php(21): CodeIgniter\Model->__call('where', Array)
#2 C:\xampp\htdocs\FerrariSerrano\app\Controllers\Client\Home.php(28): App\Models\BiTModel->get(Array)
#3 C:\xampp\htdocs\FerrariSerrano\system\CodeIgniter.php(918): App\Controllers\Client\Home->attemptLogin()
#4 C:\xampp\htdocs\FerrariSerrano\system\CodeIgniter.php(404): CodeIgniter\CodeIgniter->runController(Object(App\Controllers\Client\Home))
#5 C:\xampp\htdocs\FerrariSerrano\system\CodeIgniter.php(312): CodeIgniter\CodeIgniter->handleRequest(NULL, Object(Config\Cache), false)
#6 C:\xampp\htdocs\FerrariSerrano\index.php(44): CodeIgniter\CodeIgniter->run()
#7 {main}
CRITICAL - 2020-08-11 05:11:28 --> Unable to connect to the database.
#0 C:\xampp\htdocs\FerrariSerrano\system\Database\BaseConnection.php(646): CodeIgniter\Database\BaseConnection->initialize()
#1 C:\xampp\htdocs\FerrariSerrano\system\Database\BaseBuilder.php(2019): CodeIgniter\Database\BaseConnection->query('SELECT *\nFROM `...', Array, false)
#2 C:\xampp\htdocs\FerrariSerrano\system\Model.php(1818): CodeIgniter\Database\BaseBuilder->getWhere(Array)
#3 C:\xampp\htdocs\FerrariSerrano\app\Models\BiTModel.php(21): CodeIgniter\Model->__call('getWhere', Array)
#4 C:\xampp\htdocs\FerrariSerrano\app\Controllers\Client\Home.php(28): App\Models\BiTModel->get(Array)
#5 C:\xampp\htdocs\FerrariSerrano\system\CodeIgniter.php(918): App\Controllers\Client\Home->attemptLogin()
#6 C:\xampp\htdocs\FerrariSerrano\system\CodeIgniter.php(404): CodeIgniter\CodeIgniter->runController(Object(App\Controllers\Client\Home))
#7 C:\xampp\htdocs\FerrariSerrano\system\CodeIgniter.php(312): CodeIgniter\CodeIgniter->handleRequest(NULL, Object(Config\Cache), false)
#8 C:\xampp\htdocs\FerrariSerrano\index.php(44): CodeIgniter\CodeIgniter->run()
#9 {main}
